Noibat aka мыш from the team White enters the battle!
Budew aka крип from the team Striped enters the battle!
Budew aka крип is applying Venoshock!!. 
Noibat aka мыш loses 9 hit points.

Noibat aka мыш is applying Dream Eater!!. 
Noibat aka мыш restores 6 hit points.

Noibat aka мыш is applying Dream Eater!!. 
Noibat aka мыш restores 5 hit points.

Budew aka крип is applying Venoshock!!. 
Noibat aka мыш loses 7 hit points.

Noibat aka мыш is applying Dream Eater!!. 
Noibat aka мыш restores 3 hit points.

Noibat aka мыш is applying Dream Eater!!. 
Noibat aka мыш restores 3 hit points.

Noibat aka мыш is applying Dream Eater!!. 
Noibat aka мыш restores 2 hit points.

Noibat aka мыш is applying Dream Eater!!. 
Noibat aka мыш restores 3 hit points.

Noibat aka мыш is applying Dream Eater!!. 
Noibat aka мыш restores 6 hit points.

Budew aka крип is applying Energy Ball!!. 
Noibat aka мыш loses 2 hit points.

Budew aka крип is applying Venoshock!!. 
Budew aka крип loses 7 hit points.

Budew aka крип is applying Venoshock!!. 
Budew aka крип loses 7 hit points.
Both pokemons faint.
Roselia aka роза from the team Striped enters the battle!
Roselia aka роза is applying Absorb!!. 
Noibat aka мыш loses 1 hit points.

Noibat aka мыш is applying Screech. 
Roselia aka роза decreases defense.

Roselia aka роза is applying Absorb!!. 
Noibat aka мыш loses 2 hit points.
Roselia aka роза restores 1 hit points.

Noibat aka мыш is applying Dream Eater!!. 
Noibat aka мыш restores 6 hit points.

Roselia aka роза is applying Energy Ball!!. 
Noibat aka мыш loses 2 hit points.

Noibat aka мыш is applying Screech. 
Roselia aka роза decreases defense.

Roselia aka роза is applying Energy Ball!!. 
Noibat aka мыш loses 2 hit points.

Noibat aka мыш is applying Dream Eater!!. 
Noibat aka мыш restores 6 hit points.

Roselia aka роза is applying Venoshock!!. 
Noibat aka мыш loses 10 hit points.

Noibat aka мыш is applying Absorb!!. 
Roselia aka роза loses 1 hit points.

Roselia aka роза is applying Energy Ball!!. 
Noibat aka мыш loses 1 hit points.

Noibat aka мыш is applying Absorb!!. 
Roselia aka роза loses 1 hit points.

Roselia aka роза is applying Energy Ball!!. 
Noibat aka мыш loses 3 hit points.

Noibat aka мыш is applying Dream Eater!!. 
Noibat aka мыш restores 4 hit points.

Roselia aka роза is applying Absorb!!. 
Noibat aka мыш loses 2 hit points.
Roselia aka роза restores 1 hit points.

Noibat aka мыш is applying Screech. 
Roselia aka роза decreases defense.

Roselia aka роза is applying Venoshock!!. 
Noibat aka мыш loses 8 hit points.

Noibat aka мыш is applying Dream Eater!!. 
Noibat aka мыш restores 6 hit points.

Roselia aka роза is applying Venoshock!!. 
Noibat aka мыш loses 8 hit points.

Noibat aka мыш is applying Absorb!!. 
Roselia aka роза loses 1 hit points.

Roselia aka роза is applying Energy Ball!!. 
Noibat aka мыш loses 2 hit points.

Noibat aka мыш is applying Absorb!!. 
Roselia aka роза loses 1 hit points.

Roselia aka роза is applying Venoshock!!. 
Noibat aka мыш loses 7 hit points.
Noibat aka мыш faints.
Dedenne aka деденя:) from the team White enters the battle!
Dedenne aka деденя:) is applying Aerial Ace. 
Critical hit!
Roselia aka роза loses 25 hit points.
Roselia aka роза faints.
Roserade aka роза побольше from the team Striped enters the battle!
Dedenne aka деденя:) is applying Thunder Wave. 
Roserade aka роза побольше is paralyzed

Roserade aka роза побольше is applying Absorb!!. 
Critical hit!
Dedenne aka деденя:) loses 11 hit points.
Roserade aka роза побольше restores 5 hit points.

Roserade aka роза побольше is applying Venoshock!!. 
Critical hit!
Dedenne aka деденя:) loses 27 hit points.
Dedenne aka деденя:) faints.
Noivern aka мыш побольше from the team White enters the battle!
Roserade aka роза побольше is applying Energy Ball!!. 
Critical hit!
Noivern aka мыш побольше loses 5 hit points.

Noivern aka мыш побольше is applying FocusBlast!!. 
Roserade aka роза побольше loses 3 hit points.

Noivern aka мыш побольше is applying Absorb!!. 
Roserade aka роза побольше loses 1 hit points.


Noivern aka мыш побольше is applying Dream Eater!!. 
Noivern aka мыш побольше restores 5 hit points.


Roserade aka роза побольше is applying Venoshock!!. 
Critical hit!
Noivern aka мыш побольше loses 15 hit points.
Noivern aka мыш побольше faints.
Team White loses its last Pokemon.
The team Striped wins the battle!
